{"C:\\Users\\Abhay Maheshwari\\Documents\\GitHub\\restapi-ipl\\src\\app.ts": {"path":"C:\\Users\\Abhay Maheshwari\\Documents\\GitHub\\restapi-ipl\\src\\app.ts","statementMap":{"0":{"start":{"line":1,"column":0},"end":{"line":1,"column":50}},"1":{"start":{"line":2,"column":0},"end":{"line":2,"column":27}},"2":{"start":{"line":3,"column":0},"end":{"line":3,"column":27}},"3":{"start":{"line":4,"column":0},"end":{"line":4,"column":23}},"4":{"start":{"line":5,"column":0},"end":{"line":5,"column":43}},"5":{"start":{"line":6,"column":0},"end":{"line":6,"column":35}},"6":{"start":{"line":7,"column":0},"end":{"line":7,"column":48}},"7":{"start":{"line":8,"column":0},"end":{"line":8,"column":34}},"8":{"start":{"line":10,"column":12},"end":{"line":10,"column":21}},"9":{"start":{"line":11,"column":0},"end":{"line":11,"column":24}},"10":{"start":{"line":12,"column":0},"end":{"line":15,"column":null}},"11":{"start":{"line":16,"column":0},"end":{"line":16,"column":null}},"12":{"start":{"line":17,"column":0},"end":{"line":17,"column":null}},"13":{"start":{"line":18,"column":0},"end":{"line":18,"column":null}},"14":{"start":{"line":19,"column":0},"end":{"line":21,"column":null}},"15":{"start":{"line":20,"column":4},"end":{"line":20,"column":57}},"16":{"start":{"line":23,"column":0},"end":{"line":23,"column":19}}},"fnMap":{"0":{"name":"(anonymous_1)","decl":{"start":{"line":19,"column":13},"end":{"line":19,"column":23}},"loc":{"start":{"line":19,"column":51},"end":{"line":21,"column":1}}}},"branchMap":{},"s":{"0":3,"1":3,"2":3,"3":3,"4":3,"5":3,"6":3,"7":3,"8":3,"9":3,"10":3,"11":3,"12":3,"13":3,"14":3,"15":2,"16":3},"f":{"0":2},"b":{}}
,"C:\\Users\\Abhay Maheshwari\\Documents\\GitHub\\restapi-ipl\\src\\controller\\team-details.ts": {"path":"C:\\Users\\Abhay Maheshwari\\Documents\\GitHub\\restapi-ipl\\src\\controller\\team-details.ts","statementMap":{"0":{"start":{"line":1,"column":0},"end":{"line":1,"column":49}},"1":{"start":{"line":19,"column":23},"end":{"line":25,"column":null}},"2":{"start":{"line":19,"column":45},"end":{"line":25,"column":null}},"3":{"start":{"line":20,"column":15},"end":{"line":23,"column":null}},"4":{"start":{"line":21,"column":24},"end":{"line":21,"column":29}},"5":{"start":{"line":22,"column":12},"end":{"line":22,"column":null}},"6":{"start":{"line":20,"column":10},"end":{"line":23,"column":null}},"7":{"start":{"line":24,"column":4},"end":{"line":24,"column":null}},"8":{"start":{"line":38,"column":8},"end":{"line":38,"column":22}},"9":{"start":{"line":26,"column":23},"end":{"line":37,"column":null}},"10":{"start":{"line":26,"column":84},"end":{"line":37,"column":null}},"11":{"start":{"line":27,"column":10},"end":{"line":31,"column":null}},"12":{"start":{"line":33,"column":15},"end":{"line":33,"column":null}},"13":{"start":{"line":33,"column":8},"end":{"line":33,"column":null}},"14":{"start":{"line":35,"column":8},"end":{"line":35,"column":null}},"15":{"start":{"line":38,"column":24},"end":{"line":38,"column":38}}},"fnMap":{"0":{"name":"(anonymous_14)","decl":{"start":{"line":19,"column":23},"end":{"line":19,"column":30}},"loc":{"start":{"line":19,"column":45},"end":{"line":25,"column":null}}},"1":{"name":"(anonymous_15)","decl":{"start":{"line":19,"column":45},"end":{"line":19,"column":null}},"loc":{"start":{"line":19,"column":45},"end":{"line":25,"column":null}}},"2":{"name":"(anonymous_17)","decl":{"start":{"line":21,"column":14},"end":{"line":21,"column":15}},"loc":{"start":{"line":21,"column":19},"end":{"line":21,"column":28}}},"3":{"name":"(anonymous_18)","decl":{"start":{"line":21,"column":36},"end":{"line":21,"column":null}},"loc":{"start":{"line":21,"column":36},"end":{"line":23,"column":9}}},"4":{"name":"(anonymous_19)","decl":{"start":{"line":26,"column":23},"end":{"line":26,"column":30}},"loc":{"start":{"line":26,"column":84},"end":{"line":37,"column":null}}},"5":{"name":"(anonymous_20)","decl":{"start":{"line":26,"column":84},"end":{"line":26,"column":null}},"loc":{"start":{"line":26,"column":84},"end":{"line":37,"column":null}}}},"branchMap":{"0":{"loc":{"start":{"line":20,"column":15},"end":{"line":23,"column":null}},"type":"switch","locations":[{"start":{"line":20,"column":15},"end":{"line":23,"column":null}}]},"1":{"loc":{"start":{"line":24,"column":11},"end":{"line":24,"column":35}},"type":"cond-expr","locations":[{"start":{"line":24,"column":25},"end":{"line":24,"column":29}},{"start":{"line":24,"column":30},"end":{"line":24,"column":35}}]},"2":{"loc":{"start":{"line":33,"column":8},"end":{"line":33,"column":null}},"type":"switch","locations":[{"start":{"line":33,"column":8},"end":{"line":33,"column":null}}]}},"s":{"0":3,"1":3,"2":3,"3":3,"4":3,"5":0,"6":3,"7":3,"8":3,"9":3,"10":2,"11":2,"12":2,"13":2,"14":0,"15":3},"f":{"0":3,"1":3,"2":3,"3":0,"4":2,"5":2},"b":{"0":[3],"1":[2,1],"2":[2]}}
,"C:\\Users\\Abhay Maheshwari\\Documents\\GitHub\\restapi-ipl\\src\\controller\\teams.ts": {"path":"C:\\Users\\Abhay Maheshwari\\Documents\\GitHub\\restapi-ipl\\src\\controller\\teams.ts","statementMap":{"0":{"start":{"line":1,"column":0},"end":{"line":1,"column":35}},"1":{"start":{"line":3,"column":23},"end":{"line":8,"column":null}},"2":{"start":{"line":4,"column":11},"end":{"line":7,"column":11}},"3":{"start":{"line":5,"column":24},"end":{"line":5,"column":29}},"4":{"start":{"line":6,"column":12},"end":{"line":6,"column":null}},"5":{"start":{"line":4,"column":4},"end":{"line":7,"column":11}},"6":{"start":{"line":22,"column":8},"end":{"line":22,"column":22}},"7":{"start":{"line":9,"column":23},"end":{"line":21,"column":null}},"8":{"start":{"line":9,"column":102},"end":{"line":21,"column":null}},"9":{"start":{"line":10,"column":10},"end":{"line":15,"column":null}},"10":{"start":{"line":17,"column":15},"end":{"line":17,"column":null}},"11":{"start":{"line":17,"column":8},"end":{"line":17,"column":null}},"12":{"start":{"line":19,"column":8},"end":{"line":19,"column":null}},"13":{"start":{"line":22,"column":24},"end":{"line":22,"column":38}}},"fnMap":{"0":{"name":"(anonymous_14)","decl":{"start":{"line":3,"column":23},"end":{"line":3,"column":null}},"loc":{"start":{"line":3,"column":23},"end":{"line":8,"column":null}}},"1":{"name":"(anonymous_17)","decl":{"start":{"line":5,"column":14},"end":{"line":5,"column":15}},"loc":{"start":{"line":5,"column":19},"end":{"line":5,"column":28}}},"2":{"name":"(anonymous_18)","decl":{"start":{"line":5,"column":36},"end":{"line":5,"column":null}},"loc":{"start":{"line":5,"column":36},"end":{"line":7,"column":9}}},"3":{"name":"(anonymous_19)","decl":{"start":{"line":9,"column":23},"end":{"line":9,"column":30}},"loc":{"start":{"line":9,"column":102},"end":{"line":21,"column":null}}},"4":{"name":"(anonymous_20)","decl":{"start":{"line":9,"column":102},"end":{"line":9,"column":null}},"loc":{"start":{"line":9,"column":102},"end":{"line":21,"column":null}}}},"branchMap":{"0":{"loc":{"start":{"line":4,"column":11},"end":{"line":7,"column":11}},"type":"switch","locations":[{"start":{"line":4,"column":11},"end":{"line":7,"column":11}},{"start":{"line":4,"column":4},"end":{"line":7,"column":11}}]},"1":{"loc":{"start":{"line":17,"column":8},"end":{"line":17,"column":null}},"type":"switch","locations":[{"start":{"line":17,"column":8},"end":{"line":17,"column":null}}]}},"s":{"0":3,"1":5,"2":2,"3":2,"4":0,"5":2,"6":3,"7":3,"8":2,"9":2,"10":2,"11":2,"12":0,"13":3},"f":{"0":4,"1":2,"2":0,"3":2,"4":2},"b":{"0":[2,2],"1":[2]}}
,"C:\\Users\\Abhay Maheshwari\\Documents\\GitHub\\restapi-ipl\\src\\models\\team-details.ts": {"path":"C:\\Users\\Abhay Maheshwari\\Documents\\GitHub\\restapi-ipl\\src\\models\\team-details.ts","statementMap":{"0":{"start":{"line":1,"column":0},"end":{"line":1,"column":32}},"1":{"start":{"line":3,"column":20},"end":{"line":23,"column":2}},"2":{"start":{"line":25,"column":18},"end":{"line":25,"column":60}},"3":{"start":{"line":26,"column":0},"end":{"line":26,"column":25}}},"fnMap":{},"branchMap":{},"s":{"0":3,"1":3,"2":3,"3":3},"f":{},"b":{}}
,"C:\\Users\\Abhay Maheshwari\\Documents\\GitHub\\restapi-ipl\\src\\models\\teams.ts": {"path":"C:\\Users\\Abhay Maheshwari\\Documents\\GitHub\\restapi-ipl\\src\\models\\teams.ts","statementMap":{"0":{"start":{"line":1,"column":0},"end":{"line":1,"column":32}},"1":{"start":{"line":3,"column":14},"end":{"line":14,"column":2}},"2":{"start":{"line":16,"column":18},"end":{"line":16,"column":48}},"3":{"start":{"line":17,"column":0},"end":{"line":17,"column":25}}},"fnMap":{},"branchMap":{},"s":{"0":3,"1":3,"2":3,"3":3},"f":{},"b":{}}
,"C:\\Users\\Abhay Maheshwari\\Documents\\GitHub\\restapi-ipl\\src\\routes\\team-details.ts": {"path":"C:\\Users\\Abhay Maheshwari\\Documents\\GitHub\\restapi-ipl\\src\\routes\\team-details.ts","statementMap":{"0":{"start":{"line":1,"column":0},"end":{"line":1,"column":50}},"1":{"start":{"line":2,"column":0},"end":{"line":2,"column":74}},"2":{"start":{"line":4,"column":20},"end":{"line":4,"column":36}},"3":{"start":{"line":6,"column":0},"end":{"line":14,"column":2}},"4":{"start":{"line":6,"column":58},"end":{"line":13,"column":null}},"5":{"start":{"line":7,"column":15},"end":{"line":7,"column":21}},"6":{"start":{"line":9,"column":12},"end":{"line":9,"column":33}},"7":{"start":{"line":9,"column":33},"end":{"line":9,"column":58}},"8":{"start":{"line":9,"column":12},"end":{"line":9,"column":null}},"9":{"start":{"line":11,"column":12},"end":{"line":11,"column":51}},"10":{"start":{"line":16,"column":0},"end":{"line":24,"column":null}},"11":{"start":{"line":16,"column":59},"end":{"line":24,"column":2}},"12":{"start":{"line":17,"column":11},"end":{"line":17,"column":17}},"13":{"start":{"line":18,"column":10},"end":{"line":18,"column":28}},"14":{"start":{"line":20,"column":8},"end":{"line":20,"column":29}},"15":{"start":{"line":20,"column":29},"end":{"line":20,"column":69}},"16":{"start":{"line":20,"column":8},"end":{"line":20,"column":70}},"17":{"start":{"line":22,"column":8},"end":{"line":22,"column":54}},"18":{"start":{"line":26,"column":0},"end":{"line":26,"column":null}}},"fnMap":{"0":{"name":"(anonymous_14)","decl":{"start":{"line":6,"column":24},"end":{"line":6,"column":31}},"loc":{"start":{"line":6,"column":58},"end":{"line":13,"column":null}}},"1":{"name":"(anonymous_15)","decl":{"start":{"line":6,"column":58},"end":{"line":6,"column":null}},"loc":{"start":{"line":6,"column":58},"end":{"line":13,"column":null}}},"2":{"name":"(anonymous_17)","decl":{"start":{"line":16,"column":25},"end":{"line":16,"column":32}},"loc":{"start":{"line":16,"column":59},"end":{"line":24,"column":2}}},"3":{"name":"(anonymous_18)","decl":{"start":{"line":16,"column":59},"end":{"line":16,"column":null}},"loc":{"start":{"line":16,"column":59},"end":{"line":24,"column":2}}}},"branchMap":{},"s":{"0":3,"1":3,"2":3,"3":3,"4":3,"5":3,"6":3,"7":3,"8":3,"9":1,"10":3,"11":2,"12":2,"13":2,"14":2,"15":2,"16":2,"17":0,"18":3},"f":{"0":3,"1":3,"2":2,"3":2},"b":{}}
,"C:\\Users\\Abhay Maheshwari\\Documents\\GitHub\\restapi-ipl\\src\\routes\\teams.ts": {"path":"C:\\Users\\Abhay Maheshwari\\Documents\\GitHub\\restapi-ipl\\src\\routes\\teams.ts","statementMap":{"0":{"start":{"line":1,"column":0},"end":{"line":1,"column":51}},"1":{"start":{"line":2,"column":0},"end":{"line":2,"column":67}},"2":{"start":{"line":3,"column":14},"end":{"line":3,"column":30}},"3":{"start":{"line":4,"column":0},"end":{"line":9,"column":8}},"4":{"start":{"line":4,"column":49},"end":{"line":9,"column":7}},"5":{"start":{"line":6,"column":8},"end":{"line":6,"column":29}},"6":{"start":{"line":6,"column":29},"end":{"line":6,"column":52}},"7":{"start":{"line":6,"column":8},"end":{"line":6,"column":null}},"8":{"start":{"line":8,"column":8},"end":{"line":8,"column":54}},"9":{"start":{"line":11,"column":0},"end":{"line":19,"column":3}},"10":{"start":{"line":11,"column":50},"end":{"line":19,"column":2}},"11":{"start":{"line":12,"column":10},"end":{"line":12,"column":48}},"12":{"start":{"line":14,"column":8},"end":{"line":14,"column":29}},"13":{"start":{"line":14,"column":29},"end":{"line":14,"column":85}},"14":{"start":{"line":14,"column":8},"end":{"line":14,"column":86}},"15":{"start":{"line":16,"column":8},"end":{"line":16,"column":54}},"16":{"start":{"line":20,"column":0},"end":{"line":20,"column":null}}},"fnMap":{"0":{"name":"(anonymous_14)","decl":{"start":{"line":4,"column":15},"end":{"line":4,"column":22}},"loc":{"start":{"line":4,"column":49},"end":{"line":9,"column":7}}},"1":{"name":"(anonymous_15)","decl":{"start":{"line":4,"column":49},"end":{"line":4,"column":null}},"loc":{"start":{"line":4,"column":49},"end":{"line":9,"column":7}}},"2":{"name":"(anonymous_17)","decl":{"start":{"line":11,"column":16},"end":{"line":11,"column":23}},"loc":{"start":{"line":11,"column":50},"end":{"line":19,"column":2}}},"3":{"name":"(anonymous_18)","decl":{"start":{"line":11,"column":50},"end":{"line":11,"column":null}},"loc":{"start":{"line":11,"column":50},"end":{"line":19,"column":2}}}},"branchMap":{},"s":{"0":3,"1":3,"2":3,"3":3,"4":2,"5":2,"6":2,"7":2,"8":0,"9":3,"10":2,"11":2,"12":2,"13":2,"14":2,"15":0,"16":3},"f":{"0":2,"1":2,"2":2,"3":2},"b":{}}
}
