TN:
SF:src\app.ts
FN:19,(anonymous_1)
FNF:1
FNH:1
FNDA:2,(anonymous_1)
DA:1,3
DA:2,3
DA:3,3
DA:4,3
DA:5,3
DA:6,3
DA:7,3
DA:8,3
DA:10,3
DA:11,3
DA:12,3
DA:16,3
DA:17,3
DA:18,3
DA:19,3
DA:20,2
DA:23,3
LF:17
LH:17
BRF:0
BRH:0
end_of_record
TN:
SF:src\controller\team-details.ts
FN:19,(anonymous_14)
FN:19,(anonymous_15)
FN:21,(anonymous_17)
FN:21,(anonymous_18)
FN:26,(anonymous_19)
FN:26,(anonymous_20)
FNF:6
FNH:5
FNDA:3,(anonymous_14)
FNDA:3,(anonymous_15)
FNDA:3,(anonymous_17)
FNDA:0,(anonymous_18)
FNDA:2,(anonymous_19)
FNDA:2,(anonymous_20)
DA:1,3
DA:19,3
DA:20,3
DA:21,3
DA:22,0
DA:24,3
DA:26,3
DA:27,2
DA:33,2
DA:35,0
DA:38,3
LF:11
LH:9
BRDA:20,0,0,3
BRDA:24,1,0,2
BRDA:24,1,1,1
BRDA:33,2,0,2
BRF:4
BRH:4
end_of_record
TN:
SF:src\controller\teams.ts
FN:3,(anonymous_14)
FN:5,(anonymous_17)
FN:5,(anonymous_18)
FN:9,(anonymous_19)
FN:9,(anonymous_20)
FNF:5
FNH:4
FNDA:4,(anonymous_14)
FNDA:2,(anonymous_17)
FNDA:0,(anonymous_18)
FNDA:2,(anonymous_19)
FNDA:2,(anonymous_20)
DA:1,3
DA:3,5
DA:4,2
DA:5,2
DA:6,0
DA:9,3
DA:10,2
DA:17,2
DA:19,0
DA:22,3
LF:10
LH:8
BRDA:4,0,0,2
BRDA:4,0,1,2
BRDA:17,1,0,2
BRF:3
BRH:3
end_of_record
TN:
SF:src\models\team-details.ts
FNF:0
FNH:0
DA:1,3
DA:3,3
DA:25,3
DA:26,3
LF:4
LH:4
BRF:0
BRH:0
end_of_record
TN:
SF:src\models\teams.ts
FNF:0
FNH:0
DA:1,3
DA:3,3
DA:16,3
DA:17,3
LF:4
LH:4
BRF:0
BRH:0
end_of_record
TN:
SF:src\routes\team-details.ts
FN:6,(anonymous_14)
FN:6,(anonymous_15)
FN:16,(anonymous_17)
FN:16,(anonymous_18)
FNF:4
FNH:4
FNDA:3,(anonymous_14)
FNDA:3,(anonymous_15)
FNDA:2,(anonymous_17)
FNDA:2,(anonymous_18)
DA:1,3
DA:2,3
DA:4,3
DA:6,3
DA:7,3
DA:9,3
DA:11,1
DA:16,3
DA:17,2
DA:18,2
DA:20,2
DA:22,0
DA:26,3
LF:13
LH:12
BRF:0
BRH:0
end_of_record
TN:
SF:src\routes\teams.ts
FN:4,(anonymous_14)
FN:4,(anonymous_15)
FN:11,(anonymous_17)
FN:11,(anonymous_18)
FNF:4
FNH:4
FNDA:2,(anonymous_14)
FNDA:2,(anonymous_15)
FNDA:2,(anonymous_17)
FNDA:2,(anonymous_18)
DA:1,3
DA:2,3
DA:3,3
DA:4,3
DA:6,2
DA:8,0
DA:11,3
DA:12,2
DA:14,2
DA:16,0
DA:20,3
LF:11
LH:9
BRF:0
BRH:0
end_of_record
